生成启动时间为 2016/8/10 星期三 14:15:00。
     1>项目“C:\Users\Administrator\Desktop\并发任务的处理\ExamplePro\Vbcd\Vbcd.vcxproj”在节点 2 上(Rebuild 个目标)。
     1>ClCompile:
         E:\Microsoft Visual Studio 12.0\VC\bin\CL.exe /c /Zi /nologo /W3 /WX- /O2 /Oy- /GL /D WIN32 /D _WINDOWS /D NDEBUG /D _UNICODE /D UNICODE /D _AFXDLL /Gm- /EHsc /MD /GS /fp:precise /Zc:wchar_t /Zc:forScope /Yc"stdafx.h" /Fp"Release\Vbcd.pch" /Fo"Release\\" /Fd"Release\vc120.pdb" /Gd /TP /analyze- /errorReport:prompt stdafx.cpp
         stdafx.cpp
         E:\Microsoft Visual Studio 12.0\VC\bin\CL.exe /c /Zi /nologo /W3 /WX- /O2 /Oy- /GL /D WIN32 /D _WINDOWS /D NDEBUG /D _UNICODE /D UNICODE /D _AFXDLL /Gm- /EHsc /MD /GS /fp:precise /Zc:wchar_t /Zc:forScope /Yu"stdafx.h" /Fp"Release\Vbcd.pch" /Fo"Release\\" /Fd"Release\vc120.pdb" /Gd /TP /analyze- /errorReport:prompt AboutDlg.cpp EffectDlg.cpp ImgProcess.cpp Vbcd.cpp VbcdDlg.cpp
         AboutDlg.cpp
         EffectDlg.cpp
         ImgProcess.cpp
         Vbcd.cpp
         VbcdDlg.cpp
       ResourceCompile:
         C:\Program Files\Windows Kits\8.1\bin\x86\rc.exe /D NDEBUG /D _UNICODE /D UNICODE /D _AFXDLL /l"0x0804" /IRelease\ /nologo /fo"Release\Vbcd.res" Vbcd.rc 
       Link:
         E:\Microsoft Visual Studio 12.0\VC\bin\link.exe /ERRORREPORT:PROMPT /OUT:"C:\Users\Administrator\Desktop\并发任务的处理\ExamplePro\Release\Vbcd.exe" /INCREMENTAL:NO /NOLOGO /MANIFEST /MANIFESTUAC:"level='asInvoker' uiAccess='false'" /manifest:embed /manifestinput:"E:\Microsoft Visual Studio 12.0\VC\Include\Manifest\dpiaware.manifest" /DEBUG /PDB:"C:\Users\Administrator\Desktop\并发任务的处理\ExamplePro\Release\Vbcd.pdb" /SUBSYSTEM:WINDOWS /OPT:REF /OPT:ICF /LTCG /TLBID:1 /ENTRY:"wWinMainCRTStartup" /DYNAMICBASE /NXCOMPAT /IMPLIB:"C:\Users\Administrator\Desktop\并发任务的处理\ExamplePro\Release\Vbcd.lib" /MACHINE:X86 /SAFESEH Release\Vbcd.res
         Release\AboutDlg.obj
         Release\EffectDlg.obj
         Release\ImgProcess.obj
         Release\stdafx.obj
         Release\Vbcd.obj
         Release\VbcdDlg.obj
         正在生成代码
         已完成代码的生成
         Vbcd.vcxproj -> C:\Users\Administrator\Desktop\并发任务的处理\ExamplePro\Release\Vbcd.exe
     1>已完成生成项目“C:\Users\Administrator\Desktop\并发任务的处理\ExamplePro\Vbcd\Vbcd.vcxproj”(Rebuild 个目标)的操作。

生成成功。

已用时间 00:00:53.46
